<?xml version="1.0" encoding="UTF-8"?>
<!-- Generated by org.testng.reporters.JUnitReportReporter -->
<testsuite hostname="192.168.1.10" failures="0" tests="1" name="webAutomation.portofolio.positive_case.WebTest" time="10.697" errors="0" timestamp="11 Jun 2022 08:19:50 GMT" skipped="0">
  <testcase classname="webAutomation.portofolio.positive_case.WebTest" name="register_user" time="10.697"/>
</testsuite> <!-- webAutomation.portofolio.positive_case.WebTest -->
