<?xml version="1.0" encoding="UTF-8"?>
<!-- Generated by org.testng.reporters.JUnitReportReporter -->
<testsuite hostname="192.168.1.10" failures="0" tests="1" name="webAutomation.portofolio.negative_case.Register" time="10.673" errors="0" timestamp="12 Jun 2022 09:53:03 GMT" skipped="0">
  <testcase classname="webAutomation.portofolio.negative_case.Register" name="register_user_with_different_confirm_password" time="10.673"/>
</testsuite> <!-- webAutomation.portofolio.negative_case.Register -->
