<?xml version="1.0" encoding="UTF-8"?>
<!-- Generated by org.testng.reporters.JUnitReportReporter -->
<testsuite hostname="192.168.1.10" failures="0" tests="1" name="webAutomation.portofolio.negative_case.AddAddress" time="19.411" errors="0" timestamp="12 Jun 2022 07:33:01 GMT" skipped="0">
  <testcase classname="webAutomation.portofolio.negative_case.AddAddress" name="user_add_address_with_postalCode_exceed_maximum_character" time="19.411"/>
</testsuite> <!-- webAutomation.portofolio.negative_case.AddAddress -->
