<?xml version="1.0" encoding="UTF-8"?>
<!-- Generated by org.testng.reporters.JUnitReportReporter -->
<testsuite hostname="192.168.1.10" failures="0" tests="1" name="webAutomation.portofolio.positive_case.Login" time="20.947" errors="0" timestamp="12 Jun 2022 07:08:08 GMT" skipped="0">
  <testcase classname="webAutomation.portofolio.positive_case.Login" name="login_user" time="20.947"/>
</testsuite> <!-- webAutomation.portofolio.positive_case.Login -->
