<?xml version="1.0" encoding="UTF-8"?>
<!-- Generated by org.testng.reporters.JUnitReportReporter -->
<testsuite hostname="192.168.1.10" failures="1" tests="4" name="webAutomation.portofolio.negative_case.AddAddress" time="81.659" errors="0" timestamp="12 Jun 2022 09:50:24 GMT" skipped="0">
  <testcase classname="webAutomation.portofolio.negative_case.AddAddress" name="user_add_address_with_alphabetical_postalCode" time="24.680">
    <failure message="" type="java.lang.AssertionError">
      <![CDATA[java.lang.AssertionError: 
at org.testng.AssertJUnit.fail(AssertJUnit.java:59)
at org.testng.AssertJUnit.assertTrue(AssertJUnit.java:24)
at org.testng.AssertJUnit.assertTrue(AssertJUnit.java:33)
at webAutomation.portofolio.negative_case.AddAddress.user_add_address_with_alphabetical_postalCode(AddAddress.java:176)
at java.base/jdk.internal.reflect.NativeMethodAccessorImpl.invoke0(Native Method)
at java.base/jdk.internal.reflect.NativeMethodAccessorImpl.invoke(NativeMethodAccessorImpl.java:77)
at java.base/jdk.internal.reflect.DelegatingMethodAccessorImpl.invoke(DelegatingMethodAccessorImpl.java:43)
at java.base/java.lang.reflect.Method.invoke(Method.java:568)
at org.testng.internal.MethodInvocationHelper.invokeMethod(MethodInvocationHelper.java:124)
at org.testng.internal.Invoker.invokeMethod(Invoker.java:583)
at org.testng.internal.Invoker.invokeTestMethod(Invoker.java:719)
at org.testng.internal.Invoker.invokeTestMethods(Invoker.java:989)
at org.testng.internal.TestMethodWorker.invokeTestMethods(TestMethodWorker.java:125)
at org.testng.internal.TestMethodWorker.run(TestMethodWorker.java:109)
at java.base/java.util.concurrent.ThreadPoolExecutor.runWorker(ThreadPoolExecutor.java:1136)
at java.base/java.util.concurrent.ThreadPoolExecutor$Worker.run(ThreadPoolExecutor.java:635)
at java.base/java.lang.Thread.run(Thread.java:833)
]]>
    </failure>
  </testcase> <!-- user_add_address_with_alphabetical_postalCode -->
  <testcase classname="webAutomation.portofolio.negative_case.AddAddress" name="user_add_address_with_postalCode_exceed_maximum_character" time="20.339"/>
  <testcase classname="webAutomation.portofolio.negative_case.AddAddress" name="user_add_address_with_postalCode_below_minimum_character" time="20.512"/>
  <testcase classname="webAutomation.portofolio.negative_case.AddAddress" name="user_add_address_without_input_mandatory_fields" time="16.128"/>
</testsuite> <!-- webAutomation.portofolio.negative_case.AddAddress -->
