<?xml version="1.0" encoding="UTF-8"?>
<!-- Generated by org.testng.reporters.JUnitReportReporter -->
<testsuite hostname="192.168.1.10" failures="0" tests="1" name="webAutomation.portofolio.positive_case.AddAddress" time="21.132" errors="0" timestamp="12 Jun 2022 09:50:24 GMT" skipped="0">
  <testcase classname="webAutomation.portofolio.positive_case.AddAddress" name="user_add_address" time="21.132"/>
</testsuite> <!-- webAutomation.portofolio.positive_case.AddAddress -->
