<?xml version="1.0" encoding="UTF-8"?>
<!-- Generated by org.testng.reporters.JUnitReportReporter -->
<testsuite hostname="192.168.1.10" failures="0" tests="1" name="webAutomation.portofolio.positive_case.Register" time="20.987" errors="0" timestamp="12 Jun 2022 07:31:51 GMT" skipped="0">
  <testcase classname="webAutomation.portofolio.positive_case.Register" name="register_user" time="20.987"/>
</testsuite> <!-- webAutomation.portofolio.positive_case.Register -->
