<?xml version="1.0" encoding="UTF-8"?>
<!-- Generated by org.testng.reporters.JUnitReportReporter -->
<testsuite hostname="192.168.1.10" failures="0" tests="3" name="webAutomation.portofolio.negative_case.Login" time="80.812" errors="0" timestamp="12 Jun 2022 07:31:51 GMT" skipped="0">
  <testcase classname="webAutomation.portofolio.negative_case.Login" name="login_user_with_wrong_password" time="20.857"/>
  <testcase classname="webAutomation.portofolio.negative_case.Login" name="login_user_with_exceed_login_number_attempt" time="32.378"/>
  <testcase classname="webAutomation.portofolio.negative_case.Login" name="login_user_with_unregistered_user" time="27.577"/>
</testsuite> <!-- webAutomation.portofolio.negative_case.Login -->
